# JRE version: OpenJDK Runtime Environment 21.9 (17.0.15+6) (build 17.0.15+6)
# Java VM: OpenJDK 64-Bit Server VM 21.9 (17.0.15+6, mixed mode, sharing, tiered, compressed oops, compressed class ptrs, g1 gc, linux-amd64)
GC Precious Log:
 CPUs: 8 total, 8 available
 Memory: 15786M
 Large Page Support: Disabled
 NUMA Support: Disabled
 Compressed Oops: Enabled (32-bit)
 Heap Region Size: 1M
 Heap Min Capacity: 64M
 Heap Initial Capacity: 64M
 Heap Max Capacity: 1G
 Pre-touch: Disabled
 Parallel Workers: 8
 Concurrent Workers: 2
 Concurrent Refinement Workers: 8
 Periodic GC: Disabled
Heap:
 garbage-first heap   total 139264K, used 73138K [0x00000000c0000000, 0x0000000100000000)
  region size 1024K, 13 young (13312K), 5 survivors (5120K)
 Metaspace       used 19798K, committed 20544K, reserved 1114112K
  class space    used 1983K, committed 2304K, reserved 1048576K
GC Heap History (18 events):
Event: 0.555 GC heap before
{Heap before GC invocations=0 (full 0):
 garbage-first heap   total 67584K, used 23476K [0x00000000c0000000, 0x0000000100000000)
  region size 1024K, 23 young (23552K), 0 survivors (0K)
 Metaspace       used 7002K, committed 7168K, reserved 1114112K
  class space    used 697K, committed 768K, reserved 1048576K
}
Event: 0.557 GC heap after
{Heap after GC invocations=1 (full 0):
 garbage-first heap   total 67584K, used 3981K [0x00000000c0000000, 0x0000000100000000)
  region size 1024K, 3 young (3072K), 3 survivors (3072K)
 Metaspace       used 7002K, committed 7168K, reserved 1114112K
  class space    used 697K, committed 768K, reserved 1048576K
}
Event: 0.886 GC heap before
{Heap before GC invocations=1 (full 0):
 garbage-first heap   total 67584K, used 36749K [0x00000000c0000000, 0x0000000100000000)
  region size 1024K, 34 young (34816K), 3 survivors (3072K)
 Metaspace       used 7959K, committed 8128K, reserved 1114112K
  class space    used 782K, committed 832K, reserved 1048576K
}
Event: 0.891 GC heap after
{Heap after GC invocations=2 (full 0):
 garbage-first heap   total 67584K, used 7934K [0x00000000c0000000, 0x0000000100000000)
  region size 1024K, 4 young (4096K), 4 survivors (4096K)
 Metaspace       used 7959K, committed 8128K, reserved 1114112K
  class space    used 782K, committed 832K, reserved 1048576K
}
Event: 1.189 GC heap before
{Heap before GC invocations=2 (full 0):
 garbage-first heap   total 67584K, used 41726K [0x00000000c0000000, 0x0000000100000000)
  region size 1024K, 37 young (37888K), 4 survivors (4096K)
 Metaspace       used 8213K, committed 8320K, reserved 1114112K
  class space    used 784K, committed 832K, reserved 1048576K
}
Event: 1.192 GC heap after
{Heap after GC invocations=3 (full 0):
 garbage-first heap   total 67584K, used 10877K [0x00000000c0000000, 0x0000000100000000)
  region size 1024K, 5 young (5120K), 5 survivors (5120K)
 Metaspace       used 8213K, committed 8320K, reserved 1114112K
  class space    used 784K, committed 832K, reserved 1048576K
}
Event: 1.320 GC heap before
{Heap before GC invocations=3 (full 0):
 garbage-first heap   total 67584K, used 43645K [0x00000000c0000000, 0x0000000100000000)
  region size 1024K, 37 young (37888K), 5 survivors (5120K)
 Metaspace       used 8409K, committed 8576K, reserved 1114112K
  class space    used 789K, committed 832K, reserved 1048576K
}
Event: 1.334 GC heap after
{Heap after GC invocations=4 (full 0):
 garbage-first heap   total 69632K, used 30072K [0x00000000c0000000, 0x0000000100000000)
  region size 1024K, 5 young (5120K), 5 survivors (5120K)
 Metaspace       used 8409K, committed 8576K, reserved 1114112K
  class space    used 789K, committed 832K, reserved 1048576K
}
Event: 1.355 GC heap before
{Heap before GC invocations=4 (full 0):
 garbage-first heap   total 69632K, used 43384K [0x00000000c0000000, 0x0000000100000000)
  region size 1024K, 19 young (19456K), 5 survivors (5120K)
 Metaspace       used 8421K, committed 8576K, reserved 1114112K
  class space    used 789K, committed 832K, reserved 1048576K
}
Event: 1.363 GC heap after
{Heap after GC invocations=5 (full 0):
 garbage-first heap   total 69632K, used 41908K [0x00000000c0000000, 0x0000000100000000)
  region size 1024K, 3 young (3072K), 3 survivors (3072K)
 Metaspace       used 8421K, committed 8576K, reserved 1114112K
  class space    used 789K, committed 832K, reserved 1048576K
}
Event: 1.382 GC heap before
{Heap before GC invocations=5 (full 0):
 garbage-first heap   total 69632K, used 48052K [0x00000000c0000000, 0x0000000100000000)
  region size 1024K, 10 young (10240K), 3 survivors (3072K)
 Metaspace       used 8441K, committed 8576K, reserved 1114112K
  class space    used 789K, committed 832K, reserved 1048576K
}
Event: 1.387 GC heap after
{Heap after GC invocations=6 (full 0):
 garbage-first heap   total 139264K, used 44822K [0x00000000c0000000, 0x0000000100000000)
  region size 1024K, 2 young (2048K), 2 survivors (2048K)
 Metaspace       used 8441K, committed 8576K, reserved 1114112K
  class space    used 789K, committed 832K, reserved 1048576K
}
Event: 1.507 GC heap before
{Heap before GC invocations=7 (full 0):
 garbage-first heap   total 139264K, used 81686K [0x00000000c0000000, 0x0000000100000000)
  region size 1024K, 38 young (38912K), 2 survivors (2048K)
 Metaspace       used 8476K, committed 8640K, reserved 1114112K
  class space    used 789K, committed 832K, reserved 1048576K
}
Event: 1.513 GC heap after
{Heap after GC invocations=8 (full 0):
 garbage-first heap   total 139264K, used 50100K [0x00000000c0000000, 0x0000000100000000)
  region size 1024K, 5 young (5120K), 5 survivors (5120K)
 Metaspace       used 8476K, committed 8640K, reserved 1114112K
  class space    used 789K, committed 832K, reserved 1048576K
}
Event: 2.050 GC heap before
{Heap before GC invocations=8 (full 0):
 garbage-first heap   total 139264K, used 87988K [0x00000000c0000000, 0x0000000100000000)
  region size 1024K, 42 young (43008K), 5 survivors (5120K)
 Metaspace       used 11810K, committed 12032K, reserved 1114112K
  class space    used 1113K, committed 1216K, reserved 1048576K
}
Event: 2.058 GC heap after
{Heap after GC invocations=9 (full 0):
 garbage-first heap   total 139264K, used 57654K [0x00000000c0000000, 0x0000000100000000)
  region size 1024K, 6 young (6144K), 6 survivors (6144K)
 Metaspace       used 11810K, committed 12032K, reserved 1114112K
  class space    used 1113K, committed 1216K, reserved 1048576K
}
Event: 2.659 GC heap before
{Heap before GC invocations=9 (full 0):
 garbage-first heap   total 139264K, used 91446K [0x00000000c0000000, 0x0000000100000000)
  region size 1024K, 40 young (40960K), 6 survivors (6144K)
 Metaspace       used 17602K, committed 18304K, reserved 1114112K
  class space    used 1750K, committed 2048K, reserved 1048576K
}
Event: 2.665 GC heap after
{Heap after GC invocations=10 (full 0):
 garbage-first heap   total 139264K, used 62898K [0x00000000c0000000, 0x0000000100000000)
  region size 1024K, 5 young (5120K), 5 survivors (5120K)
 Metaspace       used 17602K, committed 18304K, reserved 1114112K
  class space    used 1750K, committed 2048K, reserved 1048576K
}

